#
# There is insufficient memory for the Java Runtime Environment to continue.
# Native memory allocation (mmap) failed to map 11206656 bytes for committing reserved memory.
# Possible reasons:
#   The system is out of physical RAM or swap space
#   In 32 bit mode, the process size limit was hit
# Possible solutions:
#   Reduce memory load on the system
#   Increase physical memory or swap space
#   Check if swap backing store is full
#   Use 64 bit Java on a 64 bit OS
#   Decrease Java heap size (-Xmx/-Xms)
#   Decrease number of Java threads
#   Decrease Java thread stack sizes (-Xss)
#   Set larger code cache with -XX:ReservedCodeCacheSize=
# This output file may be truncated or incomplete.
#
#  Out of Memory Error (os_linux.cpp:2640), pid=14535, tid=0x00007f591b2cb700
#
# JRE version:  (8.0_131-b11) (build )
# Java VM: Java HotSpot(TM) 64-Bit Server VM (25.131-b11 mixed mode linux-amd64 compressed oops)
# Failed to write core dump. Core dumps have been disabled. To enable core dumping, try "ulimit -c unlimited" before starting Java again
#

---------------  T H R E A D  ---------------

Current thread (0x00007f5914009800):  JavaThread "Unknown thread" [_thread_in_vm, id=14546, stack(0x00007f591b1cb000,0x00007f591b2cc000)]

Stack: [0x00007f591b1cb000,0x00007f591b2cc000],  sp=0x00007f591b2ca350,  free space=1020k
Native frames: (J=compiled Java code, j=interpreted, Vv=VM code, C=native code)
V  [libjvm.so+0xac826a]  VMError::report_and_die()+0x2ba
V  [libjvm.so+0x4fd4cb]  report_vm_out_of_memory(char const*, int, unsigned long, VMErrorType, char const*)+0x8b
V  [libjvm.so+0x924f53]  os::Linux::commit_memory_impl(char*, unsigned long, bool)+0x103
V  [libjvm.so+0x9254a9]  os::pd_commit_memory(char*, unsigned long, unsigned long, bool)+0x29
V  [libjvm.so+0x91f6ca]  os::commit_memory(char*, unsigned long, unsigned long, bool)+0x2a
V  [libjvm.so+0xac3fc9]  VirtualSpace::expand_by(unsigned long, bool)+0x199
V  [libjvm.so+0xac4b1e]  VirtualSpace::initialize(ReservedSpace, unsigned long)+0xee
V  [libjvm.so+0x5fb921]  CardGeneration::CardGeneration(ReservedSpace, unsigned long, int, GenRemSet*)+0xf1
V  [libjvm.so+0xa6ab6f]  TenuredGeneration::TenuredGeneration(ReservedSpace, unsigned long, int, GenRemSet*)+0x5f
V  [libjvm.so+0x5fcc29]  GenerationSpec::init(ReservedSpace, int, GenRemSet*)+0x339
V  [libjvm.so+0x5eb81e]  GenCollectedHeap::initialize()+0x1de
V  [libjvm.so+0xa902e3]  Universe::initialize_heap()+0xf3
V  [libjvm.so+0xa9084e]  universe_init()+0x3e
V  [libjvm.so+0x63e3e5]  init_globals()+0x65
V  [libjvm.so+0xa73f3e]  Threads::create_vm(JavaVMInitArgs*, bool*)+0x23e
V  [libjvm.so+0x6d2ce4]  JNI_CreateJavaVM+0x74
C  [libjli.so+0x745e]  JavaMain+0x9e
C  [libpthread.so.0+0x76ba]  start_thread+0xca


---------------  P R O C E S S  ---------------

Java Threads: ( => current thread )

Other Threads:

=>0x00007f5914009800 (exited) JavaThread "Unknown thread" [_thread_in_vm, id=14546, stack(0x00007f591b1cb000,0x00007f591b2cc000)]

VM state:not at safepoint (not fully initialized)

VM Mutex/Monitor currently owned by a thread: None

GC Heap History (0 events):
No events

Deoptimization events (0 events):
No events

Internal exceptions (0 events):
No events

Events (0 events):
No events


Dynamic libraries:
00400000-00401000 r-xp 00000000 ca:01 563552                             /usr/lib/jvm/java-8-oracle/bin/java
00600000-00601000 rw-p 00000000 ca:01 563552                             /usr/lib/jvm/java-8-oracle/bin/java
009c6000-009e7000 rw-p 00000000 00:00 0                                  [heap]
f0800000-f0d50000 rw-p 00000000 00:00 0 
f0d50000-f5aa0000 ---p 00000000 00:00 0 
f6550000-100000000 ---p 00000000 00:00 0 
7f5904c40000-7f5904c4a000 rw-p 00000000 00:00 0 
7f5904c4a000-7f5905000000 ---p 00000000 00:00 0 
7f5905000000-7f5905270000 rwxp 00000000 00:00 0 
7f5905270000-7f5914000000 ---p 00000000 00:00 0 
7f5914000000-7f5914036000 rw-p 00000000 00:00 0 
7f5914036000-7f5918000000 ---p 00000000 00:00 0 
7f5918093000-7f591831a000 rw-p 00000000 00:00 0 
7f591831a000-7f5918334000 r-xp 00000000 ca:01 806896                     /usr/lib/jvm/java-8-oracle/jre/lib/amd64/libzip.so
7f5918334000-7f5918534000 ---p 0001a000 ca:01 806896                     /usr/lib/jvm/java-8-oracle/jre/lib/amd64/libzip.so
7f5918534000-7f5918535000 rw-p 0001a000 ca:01 806896                     /usr/lib/jvm/java-8-oracle/jre/lib/amd64/libzip.so
7f5918535000-7f5918540000 r-xp 00000000 ca:01 23466                      /lib/x86_64-linux-gnu/libnss_files-2.23.so
7f5918540000-7f591873f000 ---p 0000b000 ca:01 23466                      /lib/x86_64-linux-gnu/libnss_files-2.23.so
7f591873f000-7f5918740000 r--p 0000a000 ca:01 23466                      /lib/x86_64-linux-gnu/libnss_files-2.23.so
7f5918740000-7f5918741000 rw-p 0000b000 ca:01 23466                      /lib/x86_64-linux-gnu/libnss_files-2.23.so
7f5918741000-7f5918747000 rw-p 00000000 00:00 0 
7f5918747000-7f5918752000 r-xp 00000000 ca:01 23469                      /lib/x86_64-linux-gnu/libnss_nis-2.23.so
7f5918752000-7f5918951000 ---p 0000b000 ca:01 23469                      /lib/x86_64-linux-gnu/libnss_nis-2.23.so
7f5918951000-7f5918952000 r--p 0000a000 ca:01 23469                      /lib/x86_64-linux-gnu/libnss_nis-2.23.so
7f5918952000-7f5918953000 rw-p 0000b000 ca:01 23469                      /lib/x86_64-linux-gnu/libnss_nis-2.23.so
7f5918953000-7f5918969000 r-xp 00000000 ca:01 23462                      /lib/x86_64-linux-gnu/libnsl-2.23.so
7f5918969000-7f5918b68000 ---p 00016000 ca:01 23462                      /lib/x86_64-linux-gnu/libnsl-2.23.so
7f5918b68000-7f5918b69000 r--p 00015000 ca:01 23462                      /lib/x86_64-linux-gnu/libnsl-2.23.so
7f5918b69000-7f5918b6a000 rw-p 00016000 ca:01 23462                      /lib/x86_64-linux-gnu/libnsl-2.23.so
7f5918b6a000-7f5918b6c000 rw-p 00000000 00:00 0 
7f5918b6c000-7f5918b74000 r-xp 00000000 ca:01 23475                      /lib/x86_64-linux-gnu/libnss_compat-2.23.so
7f5918b74000-7f5918d73000 ---p 00008000 ca:01 23475                      /lib/x86_64-linux-gnu/libnss_compat-2.23.so
7f5918d73000-7f5918d74000 r--p 00007000 ca:01 23475                      /lib/x86_64-linux-gnu/libnss_compat-2.23.so
7f5918d74000-7f5918d75000 rw-p 00008000 ca:01 23475                      /lib/x86_64-linux-gnu/libnss_compat-2.23.so
7f5918d75000-7f5918da0000 r-xp 00000000 ca:01 806890                     /usr/lib/jvm/java-8-oracle/jre/lib/amd64/libjava.so
7f5918da0000-7f5918f9f000 ---p 0002b000 ca:01 806890                     /usr/lib/jvm/java-8-oracle/jre/lib/amd64/libjava.so
7f5918f9f000-7f5918fa1000 rw-p 0002a000 ca:01 806890                     /usr/lib/jvm/java-8-oracle/jre/lib/amd64/libjava.so
7f5918fa1000-7f5918fae000 r-xp 00000000 ca:01 806895                     /usr/lib/jvm/java-8-oracle/jre/lib/amd64/libverify.so
7f5918fae000-7f59191ad000 ---p 0000d000 ca:01 806895                     /usr/lib/jvm/java-8-oracle/jre/lib/amd64/libverify.so
7f59191ad000-7f59191af000 rw-p 0000c000 ca:01 806895                     /usr/lib/jvm/java-8-oracle/jre/lib/amd64/libverify.so
7f59191af000-7f59191b6000 r-xp 00000000 ca:01 23471                      /lib/x86_64-linux-gnu/librt-2.23.so
7f59191b6000-7f59193b5000 ---p 00007000 ca:01 23471                      /lib/x86_64-linux-gnu/librt-2.23.so
7f59193b5000-7f59193b6000 r--p 00006000 ca:01 23471                      /lib/x86_64-linux-gnu/librt-2.23.so
7f59193b6000-7f59193b7000 rw-p 00007000 ca:01 23471                      /lib/x86_64-linux-gnu/librt-2.23.so
7f59193b7000-7f59194bf000 r-xp 00000000 ca:01 23480                      /lib/x86_64-linux-gnu/libm-2.23.so
7f59194bf000-7f59196be000 ---p 00108000 ca:01 23480                      /lib/x86_64-linux-gnu/libm-2.23.so
7f59196be000-7f59196bf000 r--p 00107000 ca:01 23480                      /lib/x86_64-linux-gnu/libm-2.23.so
7f59196bf000-7f59196c0000 rw-p 00108000 ca:01 23480                      /lib/x86_64-linux-gnu/libm-2.23.so
7f59196c0000-7f591a38f000 r-xp 00000000 ca:01 806873                     /usr/lib/jvm/java-8-oracle/jre/lib/amd64/server/libjvm.so
7f591a38f000-7f591a58f000 ---p 00ccf000 ca:01 806873                     /usr/lib/jvm/java-8-oracle/jre/lib/amd64/server/libjvm.so
7f591a58f000-7f591a668000 rw-p 00ccf000 ca:01 806873                     /usr/lib/jvm/java-8-oracle/jre/lib/amd64/server/libjvm.so
7f591a668000-7f591a6b3000 rw-p 00000000 00:00 0 
7f591a6b3000-7f591a873000 r-xp 00000000 ca:01 23485                      /lib/x86_64-linux-gnu/libc-2.23.so
7f591a873000-7f591aa73000 ---p 001c0000 ca:01 23485                      /lib/x86_64-linux-gnu/libc-2.23.so
7f591aa73000-7f591aa77000 r--p 001c0000 ca:01 23485                      /lib/x86_64-linux-gnu/libc-2.23.so
7f591aa77000-7f591aa79000 rw-p 001c4000 ca:01 23485                      /lib/x86_64-linux-gnu/libc-2.23.so
7f591aa79000-7f591aa7d000 rw-p 00000000 00:00 0 
7f591aa7d000-7f591aa80000 r-xp 00000000 ca:01 23474                      /lib/x86_64-linux-gnu/libdl-2.23.so
7f591aa80000-7f591ac7f000 ---p 00003000 ca:01 23474                      /lib/x86_64-linux-gnu/libdl-2.23.so
7f591ac7f000-7f591ac80000 r--p 00002000 ca:01 23474                      /lib/x86_64-linux-gnu/libdl-2.23.so
7f591ac80000-7f591ac81000 rw-p 00003000 ca:01 23474                      /lib/x86_64-linux-gnu/libdl-2.23.so
7f591ac81000-7f591ac96000 r-xp 00000000 ca:01 564767                     /usr/lib/jvm/java-8-oracle/lib/amd64/jli/libjli.so
7f591ac96000-7f591ae96000 ---p 00015000 ca:01 564767                     /usr/lib/jvm/java-8-oracle/lib/amd64/jli/libjli.so
7f591ae96000-7f591ae97000 rw-p 00015000 ca:01 564767                     /usr/lib/jvm/java-8-oracle/lib/amd64/jli/libjli.so
7f591ae97000-7f591aeaf000 r-xp 00000000 ca:01 23468                      /lib/x86_64-linux-gnu/libpthread-2.23.so
7f591aeaf000-7f591b0ae000 ---p 00018000 ca:01 23468                      /lib/x86_64-linux-gnu/libpthread-2.23.so
7f591b0ae000-7f591b0af000 r--p 00017000 ca:01 23468                      /lib/x86_64-linux-gnu/libpthread-2.23.so
7f591b0af000-7f591b0b0000 rw-p 00018000 ca:01 23468                      /lib/x86_64-linux-gnu/libpthread-2.23.so
7f591b0b0000-7f591b0b4000 rw-p 00000000 00:00 0 
7f591b0b4000-7f591b0da000 r-xp 00000000 ca:01 23463                      /lib/x86_64-linux-gnu/ld-2.23.so
7f591b146000-7f591b149000 rw-p 00000000 00:00 0 
7f591b149000-7f591b1c2000 ---p 00000000 00:00 0 
7f591b1c2000-7f591b1c3000 rw-p 00000000 00:00 0 
7f591b1c3000-7f591b1cb000 rw-s 00000000 ca:01 4229                       /tmp/hsperfdata_ubuntu/14535
7f591b1cb000-7f591b1ce000 ---p 00000000 00:00 0 
7f591b1ce000-7f591b2d0000 rw-p 00000000 00:00 0 
7f591b2d5000-7f591b2d6000 rw-p 00000000 00:00 0 
7f591b2d6000-7f591b2d7000 r--p 00000000 00:00 0 
7f591b2d7000-7f591b2d9000 rw-p 00000000 00:00 0 
7f591b2d9000-7f591b2da000 r--p 00025000 ca:01 23463                      /lib/x86_64-linux-gnu/ld-2.23.so
7f591b2da000-7f591b2db000 rw-p 00026000 ca:01 23463                      /lib/x86_64-linux-gnu/ld-2.23.so
7f591b2db000-7f591b2dc000 rw-p 00000000 00:00 0 
7fffdd79d000-7fffdd7be000 rw-p 00000000 00:00 0                          [stack]
7fffdd7f2000-7fffdd7f4000 r--p 00000000 00:00 0                          [vvar]
7fffdd7f4000-7fffdd7f6000 r-xp 00000000 00:00 0                          [vdso]
ffffffffff600000-ffffffffff601000 r-xp 00000000 00:00 0                  [vsyscall]

VM Arguments:
jvm_args: -Dorg.gradle.appname=gradle 
java_command: org.gradle.launcher.GradleMain appStop
java_class_path (initial): /home/ubuntu/.sdkman/candidates/gradle/3.5/lib/gradle-launcher-3.5.jar
Launcher Type: SUN_STANDARD

Environment Variables:
JAVA_HOME=/usr/lib/jvm/java-8-oracle
PATH=/home/ubuntu/bin:/home/ubuntu/.local/bin:/home/ubuntu/.sdkman/candidates/gradle/current/bin:/home/ubuntu/.nvm/versions/node/v6.11.0/bin:/usr/local/sbin:/usr/local/bin:/usr/sbin:/usr/bin:/sbin:/bin:/usr/games:/usr/local/games:/snap/bin:/usr/lib/jvm/java-8-oracle/bin:/usr/lib/jvm/java-8-oracle/db/bin:/usr/lib/jvm/java-8-oracle/jre/bin
SHELL=/bin/bash

Signal Handlers:
SIGSEGV: [libjvm.so+0xac8af0], sa_mask[0]=11111111011111111101111111111110, sa_flags=SA_RESTART|SA_SIGINFO
SIGBUS: [libjvm.so+0xac8af0], sa_mask[0]=11111111011111111101111111111110, sa_flags=SA_RESTART|SA_SIGINFO
SIGFPE: [libjvm.so+0x921dd0], sa_mask[0]=11111111011111111101111111111110, sa_flags=SA_RESTART|SA_SIGINFO
SIGPIPE: [libjvm.so+0x921dd0], sa_mask[0]=11111111011111111101111111111110, sa_flags=SA_RESTART|SA_SIGINFO
SIGXFSZ: [libjvm.so+0x921dd0], sa_mask[0]=11111111011111111101111111111110, sa_flags=SA_RESTART|SA_SIGINFO
SIGILL: [libjvm.so+0x921dd0], sa_mask[0]=11111111011111111101111111111110, sa_flags=SA_RESTART|SA_SIGINFO
SIGUSR1: SIG_DFL, sa_mask[0]=00000000000000000000000000000000, sa_flags=none
SIGUSR2: [libjvm.so+0x923610], sa_mask[0]=00000000000000000000000000000000, sa_flags=SA_RESTART|SA_SIGINFO
SIGHUP: SIG_DFL, sa_mask[0]=00000000000000000000000000000000, sa_flags=none
SIGINT: SIG_DFL, sa_mask[0]=00000000000000000000000000000000, sa_flags=none
SIGTERM: SIG_DFL, sa_mask[0]=00000000000000000000000000000000, sa_flags=none
SIGQUIT: SIG_DFL, sa_mask[0]=00000000000000000000000000000000, sa_flags=none


---------------  S Y S T E M  ---------------

OS:DISTRIB_ID=Ubuntu
DISTRIB_RELEASE=16.04
DISTRIB_CODENAME=xenial
DISTRIB_DESCRIPTION="Ubuntu 16.04.2 LTS"

uname:Linux 4.4.0-1039-aws #48-Ubuntu SMP Wed Oct 11 15:15:01 UTC 2017 x86_64
libc:glibc 2.23 NPTL 2.23 
rlimit: STACK 8192k, CORE 0k, NPROC 3901, NOFILE 65536, AS infinity
load average:22.54 11.79 5.13

/proc/meminfo:
MemTotal:        1014648 kB
MemFree:           60092 kB
MemAvailable:          0 kB
Buffers:             200 kB
Cached:            21732 kB
SwapCached:            0 kB
Active:           881200 kB
Inactive:          15448 kB
Active(anon):     878584 kB
Inactive(anon):     9472 kB
Active(file):       2616 kB
Inactive(file):     5976 kB
Unevictable:        3660 kB
Mlocked:            3660 kB
SwapTotal:             0 kB
SwapFree:              0 kB
Dirty:                24 kB
Writeback:             0 kB
AnonPages:        878400 kB
Mapped:             7936 kB
Shmem:             10892 kB
Slab:              31248 kB
SReclaimable:      13576 kB
SUnreclaim:        17672 kB
KernelStack:        4160 kB
PageTables:         7104 kB
NFS_Unstable:          0 kB
Bounce:                0 kB
WritebackTmp:          0 kB
CommitLimit:      507324 kB
Committed_AS:    1157716 kB
VmallocTotal:   34359738367 kB
VmallocUsed:           0 kB
VmallocChunk:          0 kB
HardwareCorrupted:     0 kB
AnonHugePages:    430080 kB
CmaTotal:              0 kB
CmaFree:               0 kB
HugePages_Total:       0
HugePages_Free:        0
HugePages_Rsvd:        0
HugePages_Surp:        0
Hugepagesize:       2048 kB
DirectMap4k:       40960 kB
DirectMap2M:     1007616 kB


CPU:total 1 (initial active 1) (1 cores per cpu, 1 threads per core) family 6 model 63 stepping 2, cmov, cx8, fxsr, mmx, sse, sse2, sse3, ssse3, sse4.1, sse4.2, popcnt, avx, avx2, aes, clmul, erms, lzcnt, tsc, bmi1, bmi2

/proc/cpuinfo:
processor	: 0
vendor_id	: GenuineIntel
cpu family	: 6
model		: 63
model name	: Intel(R) Xeon(R) CPU E5-2676 v3 @ 2.40GHz
stepping	: 2
microcode	: 0x3a
cpu MHz		: 2400.052
cache size	: 30720 KB
physical id	: 0
siblings	: 1
core id		: 0
cpu cores	: 1
apicid		: 0
initial apicid	: 0
fpu		: yes
fpu_exception	: yes
cpuid level	: 13
wp		: yes
flags		: fpu vme de pse tsc msr pae mce cx8 apic sep mtrr pge mca cmov pat pse36 clflush mmx fxsr sse sse2 ht syscall nx rdtscp lm constant_tsc rep_good nopl xtopology eagerfpu pni pclmulqdq ssse3 fma cx16 pcid sse4_1 sse4_2 x2apic movbe popcnt tsc_deadline_timer aes xsave avx f16c rdrand hypervisor lahf_lm abm fsgsbase bmi1 avx2 smep bmi2 erms invpcid xsaveopt
bugs		:
bogomips	: 4800.10
clflush size	: 64
cache_alignment	: 64
address sizes	: 46 bits physical, 48 bits virtual
power management:



Memory: 4k page, physical 1014648k(59600k free), swap 0k(0k free)

vm_info: Java HotSpot(TM) 64-Bit Server VM (25.131-b11) for linux-amd64 JRE (1.8.0_131-b11), built on Mar 15 2017 01:23:40 by "java_re" with gcc 4.3.0 20080428 (Red Hat 4.3.0-8)

time: Wed Nov 22 18:15:56 2017
elapsed time: 62 seconds (0d 0h 1m 2s)

